mode: set
project/commands.go:14.33,16.2 1 1
project/commands.go:18.51,19.38 1 1
project/commands.go:19.38,22.3 2 1
project/commands.go:23.2,24.13 2 1
project/commands.go:27.36,28.39 1 1
project/commands.go:28.39,31.3 2 1
project/commands.go:32.2,32.22 1 1
project/commands.go:35.48,36.39 1 1
project/commands.go:36.39,39.3 2 1
project/commands.go:40.2,41.13 2 1
project/commands.go:44.40,45.39 1 1
project/commands.go:45.39,48.3 2 1
project/commands.go:49.2,50.13 2 1
project/commands.go:53.25,54.27 1 1
project/commands.go:54.27,56.3 1 1
project/commands.go:57.2,57.15 1 1
project/commands.go:61.55,62.20 1 1
project/commands.go:62.20,65.3 2 1
project/commands.go:67.2,67.18 1 1
project/commands.go:68.16,69.22 1 1
project/commands.go:69.22,72.5 2 1
project/commands.go:73.4,74.18 2 1
project/commands.go:74.18,77.5 2 1
project/commands.go:78.4,79.43 2 1
project/commands.go:81.17,82.22 1 1
project/commands.go:82.22,85.5 2 1
project/commands.go:86.4,88.34 3 1
project/commands.go:88.34,91.5 2 1
project/commands.go:92.4,92.30 1 1
project/commands.go:92.30,94.5 1 1
project/commands.go:96.15,97.22 1 1
project/commands.go:97.22,100.5 2 1
project/commands.go:101.4,102.18 2 1
project/commands.go:102.18,105.5 2 1
project/commands.go:106.4,107.26 2 1
project/commands.go:109.15,110.22 1 1
project/commands.go:110.22,113.5 2 1
project/commands.go:114.4,116.34 3 1
project/commands.go:116.34,119.5 2 1
project/commands.go:120.4,120.27 1 1
project/commands.go:120.27,122.5 1 1
project/commands.go:124.15,125.22 1 1
project/commands.go:125.22,128.5 2 1
project/commands.go:129.4,130.18 2 1
project/commands.go:130.18,133.5 2 1
project/commands.go:134.4,134.25 1 1
project/commands.go:134.25,136.5 1 1
project/commands.go:136.10,138.5 1 1
project/commands.go:140.17,142.17 2 1
project/commands.go:144.11,145.67 1 1
project/commands.go:150.65,151.20 1 1
project/commands.go:151.20,154.3 2 1
project/commands.go:156.2,156.18 1 1
project/commands.go:157.16,158.22 1 1
project/commands.go:158.22,161.5 2 1
project/commands.go:162.4,163.18 2 1
project/commands.go:163.18,166.5 2 1
project/commands.go:167.4,168.43 2 1
project/commands.go:170.21,171.22 1 1
project/commands.go:171.22,174.5 2 1
project/commands.go:175.4,176.18 2 1
project/commands.go:176.18,179.5 2 1
project/commands.go:180.4,181.62 2 1
project/commands.go:183.24,184.22 1 1
project/commands.go:184.22,187.5 2 1
project/commands.go:188.4,190.38 3 1
project/commands.go:190.38,192.5 1 1
project/commands.go:192.10,194.5 1 1
project/commands.go:196.23,197.22 1 1
project/commands.go:197.22,200.5 2 1
project/commands.go:201.4,203.37 3 1
project/commands.go:203.37,205.5 1 1
project/commands.go:205.10,207.5 1 1
project/commands.go:209.15,210.22 1 1
project/commands.go:210.22,213.5 2 1
project/commands.go:214.4,215.24 2 1
project/commands.go:215.24,217.5 1 1
project/commands.go:217.10,219.5 1 1
project/commands.go:221.15,222.22 1 1
project/commands.go:222.22,225.5 2 1
project/commands.go:226.4,228.26 3 1
project/commands.go:230.20,231.22 1 1
project/commands.go:231.22,234.5 2 1
project/commands.go:235.4,236.26 2 1
project/commands.go:236.26,238.5 1 1
project/commands.go:238.10,240.5 1 1
project/commands.go:242.20,243.23 1 1
project/commands.go:243.23,245.5 1 1
project/commands.go:245.10,247.5 1 1
project/commands.go:249.19,250.22 1 1
project/commands.go:250.22,252.5 1 1
project/commands.go:252.10,254.5 1 1
project/commands.go:256.17,258.16 2 1
project/commands.go:260.11,261.67 1 1
project/commands.go:266.66,267.20 1 1
project/commands.go:267.20,270.3 2 1
project/commands.go:272.2,272.18 1 1
project/commands.go:273.16,274.22 1 1
project/commands.go:274.22,277.5 2 1
project/commands.go:278.4,279.18 2 1
project/commands.go:279.18,282.5 2 1
project/commands.go:283.4,284.43 2 1
project/commands.go:286.21,287.22 1 1
project/commands.go:287.22,290.5 2 1
project/commands.go:291.4,292.18 2 1
project/commands.go:292.18,295.5 2 1
project/commands.go:296.4,297.62 2 1
project/commands.go:299.24,300.22 1 1
project/commands.go:300.22,303.5 2 1
project/commands.go:304.4,306.34 3 1
project/commands.go:306.34,309.5 2 1
project/commands.go:310.4,310.39 1 1
project/commands.go:310.39,312.5 1 1
project/commands.go:312.10,314.5 1 0
project/commands.go:316.23,317.22 1 1
project/commands.go:317.22,320.5 2 1
project/commands.go:321.4,323.34 3 1
project/commands.go:323.34,326.5 2 1
project/commands.go:327.4,327.38 1 1
project/commands.go:327.38,329.5 1 1
project/commands.go:329.10,331.5 1 0
project/commands.go:333.15,334.22 1 1
project/commands.go:334.22,337.5 2 1
project/commands.go:338.4,339.18 2 1
project/commands.go:339.18,342.5 2 1
project/commands.go:343.4,343.25 1 1
project/commands.go:343.25,345.5 1 1
project/commands.go:345.10,347.5 1 1
project/commands.go:349.15,350.22 1 1
project/commands.go:350.22,353.5 2 1
project/commands.go:354.4,355.18 2 1
project/commands.go:355.18,358.5 2 1
project/commands.go:359.4,360.26 2 1
project/commands.go:362.20,363.22 1 1
project/commands.go:363.22,366.5 2 1
project/commands.go:367.4,368.18 2 1
project/commands.go:368.18,371.5 2 1
project/commands.go:372.4,372.27 1 1
project/commands.go:372.27,374.5 1 1
project/commands.go:374.10,376.5 1 1
project/commands.go:378.20,379.24 1 1
project/commands.go:379.24,381.5 1 1
project/commands.go:381.10,383.5 1 0
project/commands.go:385.19,386.23 1 1
project/commands.go:386.23,388.5 1 1
project/commands.go:388.10,390.5 1 0
project/commands.go:392.17,394.17 2 1
project/commands.go:396.11,397.67 1 1
project/commands.go:402.60,403.20 1 1
project/commands.go:403.20,406.3 2 1
project/commands.go:408.2,408.18 1 1
project/commands.go:409.18,410.22 1 1
project/commands.go:410.22,413.5 2 1
project/commands.go:414.4,416.34 3 1
project/commands.go:416.34,419.5 2 1
project/commands.go:420.4,421.71 2 1
project/commands.go:423.15,424.22 1 1
project/commands.go:424.22,427.5 2 1
project/commands.go:428.4,429.18 2 1
project/commands.go:429.18,432.5 2 1
project/commands.go:433.4,433.36 1 1
project/commands.go:433.36,435.5 1 1
project/commands.go:435.10,437.5 1 1
project/commands.go:439.15,440.22 1 1
project/commands.go:440.22,443.5 2 1
project/commands.go:444.4,445.18 2 1
project/commands.go:445.18,448.5 2 1
project/commands.go:449.4,449.22 1 1
project/commands.go:449.22,451.5 1 1
project/commands.go:451.10,453.5 1 1
project/commands.go:455.17,457.58 2 1
project/commands.go:459.17,461.14 2 1
project/commands.go:463.19,464.22 1 1
project/commands.go:464.22,467.5 2 1
project/commands.go:468.4,468.20 1 1
project/commands.go:469.19,471.67 2 1
project/commands.go:472.19,474.67 2 1
project/commands.go:475.20,477.68 2 1
project/commands.go:478.13,479.101 1 1
project/commands.go:482.13,483.69 1 1
project/commands.go:488.35,490.21 2 1
project/commands.go:490.21,493.3 2 1
project/commands.go:496.2,496.9 1 1
project/commands.go:499.68,500.42 1 1
project/commands.go:506.24,507.42 1 1
project/commands.go:513.24,514.42 1 1
project/commands.go:517.74,518.43 1 1
project/commands.go:521.74,522.43 1 1
project/commands.go:526.75,527.50 1 1
project/commands.go:531.55,532.37 1 1
project/commands.go:534.11,535.67 1 1
project/commands.go:540.49,541.20 1 1
project/commands.go:541.20,544.3 2 1
project/commands.go:546.2,549.83 2 1
project/commands.go:549.83,551.19 1 1
project/commands.go:552.23,553.65 1 1
project/commands.go:553.65,555.6 1 0
project/commands.go:555.11,557.6 1 1
project/commands.go:558.23,559.67 1 1
project/commands.go:559.67,561.6 1 0
project/commands.go:561.11,563.6 1 1
project/commands.go:564.21,565.63 1 1
project/commands.go:565.63,567.6 1 0
project/commands.go:567.11,569.6 1 1
project/commands.go:570.21,571.65 1 1
project/commands.go:571.65,573.6 1 0
project/commands.go:573.11,575.6 1 1
project/commands.go:577.8,577.88 1 1
project/commands.go:577.88,579.19 1 1
project/commands.go:580.23,581.65 1 1
project/commands.go:581.65,583.6 1 0
project/commands.go:583.11,585.6 1 1
project/commands.go:586.23,587.67 1 1
project/commands.go:587.67,589.6 1 0
project/commands.go:589.11,591.6 1 1
project/commands.go:592.21,593.63 1 1
project/commands.go:593.63,595.6 1 0
project/commands.go:595.11,597.6 1 1
project/commands.go:598.21,599.65 1 1
project/commands.go:599.65,601.6 1 0
project/commands.go:601.11,603.6 1 1
project/commands.go:605.8,605.88 1 1
project/commands.go:605.88,607.19 1 1
project/commands.go:608.23,609.65 1 1
project/commands.go:609.65,611.6 1 0
project/commands.go:611.11,613.6 1 1
project/commands.go:614.23,615.67 1 1
project/commands.go:615.67,617.6 1 0
project/commands.go:617.11,619.6 1 1
project/commands.go:620.21,621.63 1 1
project/commands.go:621.63,623.6 1 0
project/commands.go:623.11,625.6 1 1
project/commands.go:626.21,627.65 1 1
project/commands.go:627.65,629.6 1 0
project/commands.go:629.11,631.6 1 1
project/commands.go:633.8,633.48 1 1
project/commands.go:633.48,635.19 1 1
project/commands.go:636.23,637.65 1 1
project/commands.go:637.65,639.6 1 0
project/commands.go:639.11,641.6 1 1
project/commands.go:642.23,643.67 1 1
project/commands.go:643.67,645.6 1 0
project/commands.go:645.11,647.6 1 1
project/commands.go:648.21,649.63 1 1
project/commands.go:649.63,651.6 1 0
project/commands.go:651.11,653.6 1 1
project/commands.go:654.21,655.65 1 1
project/commands.go:655.65,657.6 1 0
project/commands.go:657.11,659.6 1 1
project/commands.go:661.8,661.48 1 1
project/commands.go:661.48,663.19 1 1
project/commands.go:664.23,665.65 1 1
project/commands.go:665.65,667.6 1 0
project/commands.go:667.11,669.6 1 1
project/commands.go:670.23,671.67 1 1
project/commands.go:671.67,673.6 1 0
project/commands.go:673.11,675.6 1 1
project/commands.go:676.21,677.63 1 1
project/commands.go:677.63,679.6 1 0
project/commands.go:679.11,681.6 1 1
project/commands.go:682.21,683.65 1 1
project/commands.go:683.65,685.6 1 0
project/commands.go:685.11,687.6 1 1
project/commands.go:689.8,689.87 1 1
project/commands.go:689.87,691.19 1 1
project/commands.go:692.23,693.69 1 1
project/commands.go:693.69,695.6 1 0
project/commands.go:695.11,697.6 1 1
project/commands.go:698.23,699.71 1 1
project/commands.go:699.71,701.6 1 0
project/commands.go:701.11,703.6 1 1
project/commands.go:704.21,705.67 1 1
project/commands.go:705.67,707.6 1 0
project/commands.go:707.11,709.6 1 1
project/commands.go:710.21,711.69 1 1
project/commands.go:711.69,713.6 1 0
project/commands.go:713.11,715.6 1 1
project/commands.go:717.8,720.3 2 1
project/commands.go:732.21,739.2 6 1
project/dlist.go:19.48,21.19 2 1
project/dlist.go:21.19,25.3 3 1
project/dlist.go:26.2,28.18 3 1
project/dlist.go:32.49,34.19 2 1
project/dlist.go:34.19,38.3 3 1
project/dlist.go:39.2,41.18 3 1
project/dlist.go:45.65,47.41 2 1
project/dlist.go:47.41,49.3 1 1
project/dlist.go:50.2,50.17 1 1
project/dlist.go:50.17,52.3 1 1
project/dlist.go:53.2,54.22 2 1
project/dlist.go:54.22,56.3 1 1
project/dlist.go:56.8,58.3 1 0
project/dlist.go:59.2,60.13 2 1
project/dlist.go:64.64,66.41 2 1
project/dlist.go:66.41,68.3 1 1
project/dlist.go:69.2,69.17 1 1
project/dlist.go:69.17,71.3 1 1
project/dlist.go:72.2,73.22 2 1
project/dlist.go:73.22,75.3 1 0
project/dlist.go:75.8,77.3 1 1
project/dlist.go:78.2,79.13 2 1
project/dlist.go:83.51,85.40 2 1
project/dlist.go:85.40,87.3 1 1
project/dlist.go:88.2,88.17 1 1
project/dlist.go:88.17,90.3 1 1
project/dlist.go:91.2,91.22 1 1
project/dlist.go:91.22,93.3 1 1
project/dlist.go:93.8,95.3 1 1
project/dlist.go:96.2,96.22 1 1
project/dlist.go:96.22,98.3 1 1
project/dlist.go:98.8,100.3 1 1
project/dlist.go:101.2,101.13 1 1
project/dlist.go:105.47,108.18 3 1
project/dlist.go:108.18,109.17 1 1
project/dlist.go:109.17,111.4 1 1
project/dlist.go:112.3,113.6 2 1
project/dlist.go:115.2,116.11 2 1
project/dlist.go:120.53,122.18 2 1
project/dlist.go:122.18,123.25 1 1
project/dlist.go:123.25,125.4 1 1
project/dlist.go:126.3,126.19 1 1
project/dlist.go:128.2,128.14 1 1
project/dlist.go:132.36,134.18 2 1
project/dlist.go:134.18,137.3 2 1
project/dlist.go:138.2,138.15 1 1
project/dlist.go:142.44,145.18 3 1
project/dlist.go:145.18,148.3 2 1
project/dlist.go:149.2,149.19 1 1
project/dlist.go:149.19,151.3 1 1
project/dlist.go:152.2,152.15 1 1
project/dlist.go:156.50,159.25 3 1
project/dlist.go:159.25,161.3 1 1
project/dlist.go:165.44,166.19 1 1
project/dlist.go:166.19,168.3 1 1
project/dlist.go:169.2,169.24 1 1
project/dlist.go:169.24,173.3 3 0
project/dlist.go:174.2,176.13 3 1
project/dlist.go:180.43,181.19 1 1
project/dlist.go:181.19,183.3 1 1
project/dlist.go:184.2,184.24 1 1
project/dlist.go:184.24,188.3 3 0
project/dlist.go:189.2,191.13 3 1
project/hashtable.go:36.56,42.2 1 1
project/hashtable.go:45.45,47.2 1 1
project/hashtable.go:49.45,51.2 1 1
project/hashtable.go:54.61,60.14 4 1
project/hashtable.go:60.14,65.3 4 1
project/hashtable.go:67.2,69.13 2 1
project/hashtable.go:69.13,71.30 2 1
project/hashtable.go:71.30,73.25 2 1
project/hashtable.go:73.25,75.5 1 1
project/hashtable.go:77.3,77.57 1 1
project/hashtable.go:80.2,80.14 1 1
project/hashtable.go:84.43,86.31 2 1
project/hashtable.go:86.31,87.27 1 1
project/hashtable.go:87.27,89.4 1 1
project/hashtable.go:91.2,91.43 1 1
project/hashtable.go:95.31,102.31 5 1
project/hashtable.go:102.31,103.27 1 1
project/hashtable.go:103.27,105.4 1 1
project/hashtable.go:110.37,117.31 5 1
project/hashtable.go:117.31,118.27 1 1
project/hashtable.go:118.27,120.4 1 1
project/hashtable.go:125.51,130.31 4 1
project/hashtable.go:130.31,132.31 2 1
project/hashtable.go:132.31,135.4 2 1
project/hashtable.go:138.3,142.31 4 1
project/hashtable.go:142.31,145.4 2 1
project/hashtable.go:148.3,149.76 2 1
project/hashtable.go:153.2,154.45 2 1
project/hashtable.go:158.45,159.27 1 1
project/hashtable.go:159.27,161.3 1 1
project/hashtable.go:163.2,163.18 1 1
project/hashtable.go:164.24,166.63 2 1
project/hashtable.go:166.63,169.5 2 1
project/hashtable.go:169.10,172.5 2 0
project/hashtable.go:174.23,178.33 3 1
project/hashtable.go:178.33,180.64 2 1
project/hashtable.go:180.64,183.6 2 1
project/hashtable.go:186.4,187.25 2 0
project/hashtable.go:189.23,190.31 1 1
project/hashtable.go:195.43,196.18 1 1
project/hashtable.go:197.24,199.95 2 1
project/hashtable.go:199.95,202.5 2 1
project/hashtable.go:203.4,203.16 1 1
project/hashtable.go:205.23,208.56 3 1
project/hashtable.go:208.56,211.5 2 1
project/hashtable.go:212.4,212.56 1 1
project/hashtable.go:212.56,215.5 2 0
project/hashtable.go:216.4,216.16 1 1
project/hashtable.go:218.11,221.33 3 1
project/hashtable.go:221.33,223.63 2 1
project/hashtable.go:223.63,226.6 2 1
project/hashtable.go:227.5,227.34 1 1
project/hashtable.go:227.34,228.11 1 1
project/hashtable.go:231.4,231.16 1 1
project/hashtable.go:236.47,237.18 1 1
project/hashtable.go:238.24,240.95 2 1
project/hashtable.go:240.95,242.5 1 1
project/hashtable.go:243.4,243.20 1 0
project/hashtable.go:245.23,248.56 3 1
project/hashtable.go:248.56,250.5 1 1
project/hashtable.go:251.4,251.56 1 1
project/hashtable.go:251.56,253.5 1 1
project/hashtable.go:254.4,254.20 1 0
project/hashtable.go:256.11,259.33 3 1
project/hashtable.go:259.33,261.34 2 1
project/hashtable.go:261.34,263.6 1 1
project/hashtable.go:264.5,264.63 1 1
project/hashtable.go:264.63,266.6 1 1
project/hashtable.go:268.4,268.20 1 0
project/hashtable.go:273.30,274.31 1 1
project/hashtable.go:274.31,276.27 2 1
project/hashtable.go:276.27,278.4 1 1
project/hashtable.go:279.3,279.16 1 1
project/hashtable.go:284.41,286.31 2 1
project/hashtable.go:286.31,287.27 1 1
project/hashtable.go:287.27,289.4 1 1
project/hashtable.go:291.2,291.19 1 1
project/hashtable.go:291.19,293.3 1 1
project/hashtable.go:294.2,294.15 1 1
project/hashtable.go:298.47,300.28 2 1
project/hashtable.go:300.28,301.17 1 1
project/hashtable.go:301.17,302.12 1 0
project/hashtable.go:304.3,305.22 2 1
project/hashtable.go:305.22,308.34 3 1
project/hashtable.go:308.34,310.5 1 1
project/hashtable.go:316.30,318.2 1 1
project/hashtable.go:321.61,323.16 2 1
project/hashtable.go:323.16,325.3 1 1
project/hashtable.go:326.2,333.31 4 1
project/hashtable.go:333.31,336.15 3 1
project/hashtable.go:336.15,339.4 2 1
project/hashtable.go:342.2,342.12 1 1
project/hashtable.go:346.63,348.16 2 1
project/hashtable.go:348.16,350.3 1 1
project/hashtable.go:351.2,364.31 9 1
project/hashtable.go:364.31,368.15 3 1
project/hashtable.go:368.15,373.4 4 1
project/hashtable.go:373.9,375.4 1 1
project/hashtable.go:378.2,378.12 1 1
project/hashtable.go:382.59,384.16 2 1
project/hashtable.go:384.16,386.3 1 1
project/hashtable.go:387.2,391.18 3 1
project/hashtable.go:392.23,393.32 1 1
project/hashtable.go:394.23,395.32 1 1
project/hashtable.go:396.24,397.33 1 1
project/hashtable.go:399.2,402.31 2 1
project/hashtable.go:402.31,403.27 1 1
project/hashtable.go:403.27,405.4 1 1
project/hashtable.go:408.2,408.12 1 1
project/hashtable.go:412.61,414.16 2 1
project/hashtable.go:414.16,416.3 1 1
project/hashtable.go:417.2,423.20 4 1
project/hashtable.go:423.20,425.39 2 1
project/hashtable.go:425.39,427.19 2 1
project/hashtable.go:428.19,429.31 1 1
project/hashtable.go:430.19,431.31 1 0
project/hashtable.go:432.20,433.32 1 0
project/hashtable.go:438.2,438.20 1 1
project/hashtable.go:438.20,440.39 2 1
project/hashtable.go:440.39,442.54 2 1
project/hashtable.go:442.54,445.5 2 1
project/hashtable.go:450.2,450.21 1 1
project/hashtable.go:450.21,453.22 3 1
project/hashtable.go:453.22,456.34 3 1
project/hashtable.go:456.34,458.5 1 1
project/hashtable.go:462.2,462.22 1 1
project/help.go:5.25,22.2 16 1
project/help.go:24.23,37.2 12 1
project/help.go:39.28,56.2 16 1
project/help.go:58.28,75.2 16 1
project/help.go:77.23,87.2 9 1
project/help.go:89.23,99.2 9 1
project/help.go:101.27,115.2 13 1
project/io.go:14.53,16.16 2 1
project/io.go:16.16,19.3 2 1
project/io.go:20.2,22.31 2 1
project/io.go:22.31,24.3 1 1
project/io.go:27.55,30.16 3 1
project/io.go:30.16,32.3 1 1
project/io.go:33.2,36.6 3 1
project/io.go:36.6,38.17 2 1
project/io.go:38.17,39.9 1 1
project/io.go:41.3,41.39 1 1
project/io.go:50.68,52.16 2 1
project/io.go:52.16,55.3 2 1
project/io.go:56.2,58.35 2 1
project/io.go:58.35,60.3 1 1
project/io.go:64.70,67.16 3 1
project/io.go:67.16,69.3 1 1
project/io.go:70.2,73.6 3 1
project/io.go:73.6,75.17 2 1
project/io.go:75.17,76.9 1 1
project/io.go:78.3,78.21 1 1
project/io.go:87.65,89.16 2 1
project/io.go:89.16,91.3 1 1
project/io.go:92.2,94.29 3 1
project/io.go:94.29,95.17 1 1
project/io.go:95.17,96.12 1 0
project/io.go:98.3,99.17 2 1
project/io.go:99.17,101.4 1 1
project/io.go:106.63,108.16 2 1
project/io.go:108.16,111.3 2 1
project/io.go:112.2,115.18 3 1
project/io.go:115.18,118.3 2 1
project/io.go:122.49,124.32 2 1
project/io.go:124.32,126.3 1 1
project/io.go:127.2,128.48 2 1
project/io.go:131.51,133.16 2 1
project/io.go:133.16,136.3 2 1
project/io.go:137.2,139.29 3 1
project/io.go:139.29,140.17 1 1
project/io.go:140.17,141.12 1 0
project/io.go:143.3,144.17 2 1
project/io.go:144.17,146.4 1 1
project/io.go:148.2,148.19 1 1
project/io.go:152.49,154.32 2 1
project/io.go:154.32,156.3 1 1
project/io.go:157.2,158.48 2 1
project/io.go:161.51,163.16 2 1
project/io.go:163.16,166.3 2 1
project/io.go:167.2,169.29 3 1
project/io.go:169.29,170.17 1 1
project/io.go:170.17,171.12 1 0
project/io.go:173.3,174.17 2 1
project/io.go:174.17,176.4 1 1
project/io.go:178.2,178.19 1 1
project/io.go:187.58,190.2 2 1
project/io.go:193.60,195.16 2 1
project/io.go:195.16,197.3 1 1
project/io.go:198.2,199.21 2 1
project/main.go:11.13,27.15 11 0
project/main.go:27.15,30.3 2 0
project/main.go:31.2,31.16 1 0
project/main.go:31.16,34.3 2 0
project/main.go:35.2,35.16 1 0
project/main.go:35.16,38.3 2 0
project/main.go:39.2,39.16 1 0
project/main.go:39.16,42.3 2 0
project/main.go:43.2,43.16 1 0
project/main.go:43.16,46.3 2 0
project/main.go:47.2,47.16 1 0
project/main.go:47.16,50.3 2 0
project/main.go:51.2,51.20 1 0
project/main.go:51.20,54.3 2 0
project/main.go:56.2,56.33 1 0
project/main.go:56.33,57.76 1 0
project/main.go:57.76,62.4 3 0
project/main.go:62.9,62.83 1 0
project/main.go:62.83,67.4 3 0
project/main.go:67.9,67.83 1 0
project/main.go:67.83,72.4 3 0
project/main.go:72.9,72.83 1 0
project/main.go:72.83,77.4 3 0
project/main.go:77.9,77.83 1 0
project/main.go:77.83,82.4 3 0
project/main.go:82.9,82.83 1 0
project/main.go:82.83,87.4 3 0
project/main.go:87.9,89.4 1 0
project/main.go:91.3,92.41 2 0
project/main.go:93.8,95.3 1 0
project/queue.go:21.33,23.19 2 1
project/queue.go:23.19,26.3 2 1
project/queue.go:26.8,29.3 2 1
project/queue.go:33.35,34.20 1 1
project/queue.go:34.20,36.3 1 1
project/queue.go:37.2,39.20 3 1
project/queue.go:39.20,41.3 1 1
project/queue.go:42.2,42.18 1 1
project/queue.go:46.25,48.17 2 1
project/queue.go:48.17,51.3 2 1
project/queue.go:52.2,52.18 1 1
project/queue.go:52.18,55.3 2 1
project/queue.go:56.2,56.15 1 1
project/queue.go:60.33,63.18 3 1
project/queue.go:63.18,66.3 2 1
project/queue.go:68.2,68.19 1 1
project/queue.go:68.19,70.3 1 0
project/queue.go:71.2,71.15 1 1
project/queue.go:75.39,78.25 3 1
project/queue.go:78.25,80.3 1 1
project/queue.go:84.55,85.20 1 1
project/queue.go:85.20,88.3 2 1
project/queue.go:90.2,90.18 1 1
project/queue.go:91.16,92.22 1 1
project/queue.go:92.22,95.5 2 1
project/queue.go:96.4,97.18 2 1
project/queue.go:97.18,100.5 2 1
project/queue.go:101.4,102.43 2 1
project/queue.go:104.15,106.11 2 1
project/queue.go:106.11,109.5 2 1
project/queue.go:110.4,110.67 1 1
project/queue.go:112.17,114.17 2 1
project/queue.go:116.11,117.67 1 1
project/serialize.go:14.56,16.16 2 1
project/serialize.go:16.16,18.3 1 1
project/serialize.go:19.2,22.27 3 1
project/serialize.go:22.27,24.3 1 1
project/serialize.go:25.2,25.12 1 1
project/serialize.go:28.58,30.16 2 1
project/serialize.go:30.16,32.3 1 1
project/serialize.go:33.2,39.35 5 1
project/serialize.go:39.35,43.3 3 1
project/serialize.go:44.2,44.12 1 1
project/serialize.go:48.67,51.16 3 1
project/serialize.go:51.16,53.3 1 1
project/serialize.go:54.2,57.25 3 1
project/serialize.go:57.25,59.3 1 1
project/serialize.go:60.2,60.12 1 1
project/serialize.go:63.69,65.16 2 1
project/serialize.go:65.16,67.3 1 1
project/serialize.go:68.2,74.35 5 1
project/serialize.go:74.35,78.3 3 1
project/serialize.go:79.2,79.12 1 1
project/serialize.go:83.67,86.16 3 1
project/serialize.go:86.16,88.3 1 1
project/serialize.go:89.2,92.25 3 1
project/serialize.go:92.25,94.3 1 1
project/serialize.go:95.2,95.12 1 1
project/serialize.go:98.69,100.16 2 1
project/serialize.go:100.16,102.3 1 1
project/serialize.go:103.2,110.35 6 1
project/serialize.go:110.35,114.3 3 1
project/serialize.go:115.2,115.12 1 1
project/serialize.go:119.56,122.16 3 1
project/serialize.go:122.16,124.3 1 1
project/serialize.go:125.2,128.25 3 1
project/serialize.go:128.25,130.3 1 1
project/serialize.go:131.2,131.12 1 1
project/serialize.go:134.58,136.16 2 1
project/serialize.go:136.16,138.3 1 1
project/serialize.go:139.2,145.35 5 1
project/serialize.go:145.35,149.3 3 1
project/serialize.go:150.2,150.12 1 1
project/serialize.go:154.56,157.16 3 1
project/serialize.go:157.16,159.3 1 1
project/serialize.go:160.2,163.25 3 1
project/serialize.go:163.25,165.3 1 1
project/serialize.go:166.2,166.12 1 1
project/serialize.go:169.58,171.16 2 1
project/serialize.go:171.16,173.3 1 1
project/serialize.go:174.2,181.35 6 1
project/serialize.go:181.35,185.3 3 1
project/serialize.go:186.2,186.12 1 1
project/serialize.go:192.54,194.16 2 1
project/serialize.go:194.16,196.3 1 1
project/serialize.go:197.2,199.27 2 1
project/serialize.go:199.27,201.3 1 1
project/serialize.go:202.2,202.12 1 1
project/serialize.go:205.56,207.16 2 1
project/serialize.go:207.16,209.3 1 1
project/serialize.go:210.2,215.21 4 1
project/serialize.go:215.21,217.17 2 1
project/serialize.go:217.17,219.4 1 1
project/serialize.go:221.2,221.22 1 1
project/serialize.go:225.65,228.16 3 1
project/serialize.go:228.16,230.3 1 1
project/serialize.go:231.2,233.25 2 1
project/serialize.go:233.25,235.3 1 1
project/serialize.go:236.2,236.12 1 1
project/serialize.go:239.67,241.16 2 1
project/serialize.go:241.16,243.3 1 1
project/serialize.go:244.2,249.21 4 1
project/serialize.go:249.21,251.17 2 1
project/serialize.go:251.17,253.4 1 1
project/serialize.go:255.2,255.22 1 1
project/serialize.go:259.65,262.16 3 1
project/serialize.go:262.16,264.3 1 1
project/serialize.go:265.2,267.25 2 1
project/serialize.go:267.25,269.3 1 1
project/serialize.go:270.2,270.12 1 1
project/serialize.go:273.67,275.16 2 1
project/serialize.go:275.16,277.3 1 1
project/serialize.go:278.2,284.21 5 1
project/serialize.go:284.21,286.17 2 1
project/serialize.go:286.17,288.4 1 1
project/serialize.go:290.2,290.22 1 1
project/serialize.go:294.54,297.16 3 1
project/serialize.go:297.16,299.3 1 1
project/serialize.go:300.2,302.25 2 1
project/serialize.go:302.25,304.3 1 1
project/serialize.go:305.2,305.12 1 1
project/serialize.go:308.56,310.16 2 1
project/serialize.go:310.16,312.3 1 1
project/serialize.go:313.2,318.21 4 1
project/serialize.go:318.21,320.17 2 1
project/serialize.go:320.17,322.4 1 1
project/serialize.go:324.2,324.22 1 1
project/serialize.go:328.54,331.16 3 1
project/serialize.go:331.16,333.3 1 1
project/serialize.go:334.2,336.25 2 1
project/serialize.go:336.25,338.3 1 1
project/serialize.go:339.2,339.12 1 1
project/serialize.go:342.56,344.16 2 1
project/serialize.go:344.16,346.3 1 1
project/serialize.go:347.2,353.21 5 1
project/serialize.go:353.21,355.17 2 1
project/serialize.go:355.17,357.4 1 1
project/serialize.go:359.2,359.22 1 1
project/slist.go:17.48,19.19 2 1
project/slist.go:19.19,22.3 2 1
project/slist.go:23.2,24.23 2 1
project/slist.go:24.23,26.3 1 1
project/slist.go:27.2,27.21 1 1
project/slist.go:31.49,34.2 2 1
project/slist.go:37.65,38.19 1 1
project/slist.go:38.19,40.3 1 1
project/slist.go:41.2,41.27 1 1
project/slist.go:41.27,44.3 2 0
project/slist.go:45.2,46.51 2 1
project/slist.go:46.51,48.3 1 0
project/slist.go:49.2,49.22 1 1
project/slist.go:49.22,51.3 1 1
project/slist.go:52.2,54.13 3 1
project/slist.go:58.64,60.41 2 1
project/slist.go:60.41,62.3 1 1
project/slist.go:63.2,63.17 1 1
project/slist.go:63.17,65.3 1 1
project/slist.go:66.2,68.13 3 1
project/slist.go:72.51,73.19 1 1
project/slist.go:73.19,75.3 1 1
project/slist.go:76.2,76.26 1 1
project/slist.go:76.26,79.3 2 1
project/slist.go:80.2,81.50 2 1
project/slist.go:81.50,83.3 1 0
project/slist.go:84.2,84.22 1 1
project/slist.go:84.22,86.3 1 1
project/slist.go:87.2,88.13 2 1
project/slist.go:92.47,95.18 3 1
project/slist.go:95.18,96.17 1 1
project/slist.go:96.17,98.4 1 1
project/slist.go:99.3,100.6 2 1
project/slist.go:102.2,103.11 2 1
project/slist.go:107.53,109.18 2 1
project/slist.go:109.18,110.25 1 1
project/slist.go:110.25,112.4 1 1
project/slist.go:113.3,113.19 1 1
project/slist.go:115.2,115.14 1 1
project/slist.go:119.36,121.18 2 1
project/slist.go:121.18,124.3 2 1
project/slist.go:125.2,125.15 1 1
project/slist.go:129.44,132.18 3 1
project/slist.go:132.18,135.3 2 1
project/slist.go:137.2,137.19 1 1
project/slist.go:137.19,139.3 1 1
project/slist.go:140.2,140.15 1 1
project/slist.go:144.50,146.25 2 1
project/slist.go:146.25,148.3 1 1
project/slist.go:152.44,153.19 1 1
project/slist.go:153.19,155.3 1 1
project/slist.go:156.2,157.13 2 1
project/slist.go:161.43,162.19 1 1
project/slist.go:162.19,164.3 1 1
project/slist.go:165.2,165.24 1 1
project/slist.go:165.24,168.3 2 0
project/slist.go:169.2,170.28 2 1
project/slist.go:170.28,172.3 1 1
project/slist.go:173.2,174.13 2 1
project/stack.go:20.33,23.2 2 1
project/stack.go:26.35,27.18 1 1
project/stack.go:27.18,29.3 1 1
project/stack.go:30.2,32.18 3 1
project/stack.go:36.25,37.18 1 1
project/stack.go:37.18,40.3 2 1
project/stack.go:42.2,44.18 3 1
project/stack.go:44.18,47.3 2 1
project/stack.go:49.2,49.40 1 1
project/stack.go:49.40,51.3 1 1
project/stack.go:52.2,52.15 1 1
project/stack.go:56.33,59.18 3 1
project/stack.go:59.18,62.3 2 1
project/stack.go:64.2,64.19 1 1
project/stack.go:64.19,66.3 1 0
project/stack.go:67.2,67.15 1 1
project/stack.go:73.39,75.25 2 1
project/stack.go:75.25,77.3 1 1
project/stack.go:81.55,82.20 1 1
project/stack.go:82.20,85.3 2 1
project/stack.go:87.2,87.18 1 1
project/stack.go:88.16,89.22 1 1
project/stack.go:89.22,92.5 2 1
project/stack.go:93.4,94.18 2 1
project/stack.go:94.18,97.5 2 1
project/stack.go:98.4,99.43 2 1
project/stack.go:101.15,103.11 2 1
project/stack.go:103.11,106.5 2 1
project/stack.go:107.4,107.69 1 1
project/stack.go:109.17,111.17 2 1
project/stack.go:113.11,114.67 1 1
project/tools/uml_standalone.go:9.13,21.36 5 0
project/tools/uml_standalone.go:21.36,23.3 1 0
project/tools/uml_standalone.go:26.2,104.57 7 0
project/tools/uml_standalone.go:107.45,238.2 2 0
